This file contains any messages produced by compilers while
running configure, to aid debugging if configure makes a mistake.

It was created by iptables configure 1.4.21, which was
generated by GNU Autoconf 2.69.  Invocation command line was

  $ ./configure --host=arm-linux --prefix=/usr --disable-ipv6 CC=armv5-linux-gcc host_alias=arm-linux --no-create --no-recursion

## --------- ##
## Platform. ##
## --------- ##

hostname = ubuntu-14
uname -m = i686
uname -r = 3.19.0-25-generic
uname -s = Linux
uname -v = #26~14.04.1-Ubuntu SMP Fri Jul 24 21:18:00 UTC 2015

/usr/bin/uname -p = unknown
/bin/uname -X     = unknown

/bin/arch              = unknown
/usr/bin/arch -k       = unknown
/usr/convex/getsysinfo = unknown
/usr/bin/hostinfo      = unknown
/bin/machine           = unknown
/usr/bin/oslevel       = unknown
/bin/universe          = unknown

PATH: /usr/local/sbin
PATH: /usr/local/bin
PATH: /usr/sbin
PATH: /usr/bin
PATH: /sbin
PATH: /bin
PATH: /usr/games
PATH: /usr/local/games
PATH: /opt/STM/STLinux-2.4/devkit/armv5/bin


## ----------- ##
## Core tests. ##
## ----------- ##

configure:2495: checking for a BSD-compatible install
configure:2563: result: /usr/bin/install -c
configure:2576: checking whether build environment is sane
configure:2631: result: yes
configure:2669: WARNING: 'missing' script is too old or missing
configure:2690: checking for arm-linux-strip
configure:2717: result: armv5-linux-strip
configure:2782: checking for a thread-safe mkdir -p
configure:2821: result: /bin/mkdir -p
configure:2828: checking for gawk
configure:2844: found /usr/bin/gawk
configure:2855: result: gawk
configure:2866: checking whether make sets $(MAKE)
configure:2888: result: yes
configure:2917: checking whether make supports nested variables
configure:2934: result: yes
configure:3067: checking for arm-linux-gcc
configure:3094: result: armv5-linux-gcc
configure:3363: checking for C compiler version
configure:3372: armv5-linux-gcc --version >&5
armv5-linux-gcc (GCC) 4.6.3 20120301 (STMicroelectronics/Linux Base 4.6.3-112)
Copyright (C) 2011 Free Software Foundation, Inc.
This is free software; see the source for copying conditions.  There is NO
warranty; not even for MERCHANTABILITY or FITNESS FOR A PARTICULAR PURPOSE.

configure:3383: $? = 0
configure:3372: armv5-linux-gcc -v >&5
Using built-in specs.
COLLECT_GCC=armv5-linux-gcc
COLLECT_LTO_WRAPPER=/opt/STM/STLinux-2.4/devkit/armv5/libexec/gcc/arm-926ejs-linux-gnueabi/4.6.3/lto-wrapper
Target: arm-926ejs-linux-gnueabi
Configured with: ../configure --target=arm-926ejs-linux-gnueabi --prefix=/opt/STM/STLinux-2.4/devkit/armv5 --exec-prefix=/opt/STM/STLinux-2.4/devkit/armv5 --bindir=/opt/STM/STLinux-2.4/devkit/armv5/bin --sbindir=/opt/STM/STLinux-2.4/devkit/armv5/sbin --sysconfdir=/opt/STM/STLinux-2.4/devkit/armv5/etc --datadir=/opt/STM/STLinux-2.4/devkit/armv5/share --includedir=/opt/STM/STLinux-2.4/devkit/armv5/include --libdir=/opt/STM/STLinux-2.4/devkit/armv5/lib --libexecdir=/opt/STM/STLinux-2.4/devkit/armv5/libexec --localstatedir=/opt/STM/STLinux-2.4/devkit/armv5/var --sharedstatedir=/opt/STM/STLinux-2.4/devkit/armv5/share --mandir=/opt/STM/STLinux-2.4/devkit/armv5/man --infodir=/opt/STM/STLinux-2.4/devkit/armv5/info --program-prefix=armv5-linux- --with-local-prefix=/opt/STM/STLinux-2.4/devkit/armv5 --with-sysroot=/opt/STM/STLinux-2.4/devkit/armv5/target --enable-target-optspace --enable-languages=c,c++ --enable-threads=posix --disable-multilib --enable-nls --enable-c99 --enable-long-long --with-system-zlib --enable-shared --disable-libgomp --with-pkgversion=GCC --with-bugurl=https://bugzilla.stlinux.com --with-libelf=/opt/STM/STLinux-2.4/devkit/armv5 --enable-symvers=gnu --with-mpcx2=/opt/STM/STLinux-2.4/devkit/armv5 --with-gmp=/opt/STM/STLinux-2.4/devkit/armv5 --with-mpfr=/opt/STM/STLinux-2.4/devkit/armv5 --without-ppl --with-gxx-include-dir='${prefix}/target/usr/include/c++/4.6.3' --enable-__cxa_atexit --with-float=soft --enable-cxx-flags=-msoft-float --with-tls=gnu2 --with-cpu=arm926ej-s
Thread model: posix
gcc version 4.6.3 20120301 (STMicroelectronics/Linux Base 4.6.3-112) (GCC) 
configure:3383: $? = 0
configure:3372: armv5-linux-gcc -V >&5
armv5-linux-gcc: fatal error: no input files
compilation terminated.
configure:3383: $? = 1
configure:3372: armv5-linux-gcc -qversion >&5
armv5-linux-gcc: fatal error: no input files
compilation terminated.
configure:3383: $? = 1
configure:3403: checking whether the C compiler works
configure:3425: armv5-linux-gcc    conftest.c  >&5
configure:3429: $? = 0
configure:3477: result: yes
configure:3480: checking for C compiler default output file name
configure:3482: result: a.out
configure:3488: checking for suffix of executables
configure:3495: armv5-linux-gcc -o conftest    conftest.c  >&5
configure:3499: $? = 0
configure:3521: result: 
configure:3543: checking whether we are cross compiling
configure:3551: armv5-linux-gcc -o conftest    conftest.c  >&5
configure:3555: $? = 0
configure:3562: ./conftest
./configure: line 3564: ./conftest: cannot execute binary file: Exec format error
configure:3566: $? = 126
configure:3581: result: yes
configure:3586: checking for suffix of object files
configure:3608: armv5-linux-gcc -c   conftest.c >&5
configure:3612: $? = 0
configure:3633: result: o
configure:3637: checking whether we are using the GNU C compiler
configure:3656: armv5-linux-gcc -c   conftest.c >&5
configure:3656: $? = 0
configure:3665: result: yes
configure:3674: checking whether armv5-linux-gcc accepts -g
configure:3694: armv5-linux-gcc -c -g  conftest.c >&5
configure:3694: $? = 0
configure:3735: result: yes
configure:3752: checking for armv5-linux-gcc option to accept ISO C89
configure:3815: armv5-linux-gcc  -c -g -O2  conftest.c >&5
configure:3815: $? = 0
configure:3828: result: none needed
configure:3853: checking whether armv5-linux-gcc understands -c and -o together
configure:3875: armv5-linux-gcc -c conftest.c -o conftest2.o
configure:3878: $? = 0
configure:3875: armv5-linux-gcc -c conftest.c -o conftest2.o
configure:3878: $? = 0
configure:3890: result: yes
configure:3918: checking for style of include used by make
configure:3946: result: GNU
configure:3972: checking dependency style of armv5-linux-gcc
configure:4083: result: gcc3
configure:4136: checking for arm-linux-ar
configure:4163: result: armv5-linux-ar
configure:4233: checking the archiver (armv5-linux-ar) interface
configure:4249: armv5-linux-gcc -c -g -O2  conftest.c >&5
configure:4249: $? = 0
configure:4251: armv5-linux-ar cru libconftest.a conftest.o >&5
configure:4254: $? = 0
configure:4282: result: ar
configure:4331: checking build system type
configure:4345: result: i686-pc-linux-gnu
configure:4365: checking host system type
configure:4378: result: arm-unknown-linux-gnu
configure:4419: checking how to print strings
configure:4446: result: printf
configure:4467: checking for a sed that does not truncate output
configure:4531: result: /bin/sed
configure:4549: checking for grep that handles long lines and -e
configure:4607: result: /bin/grep
configure:4612: checking for egrep
configure:4674: result: /bin/grep -E
configure:4679: checking for fgrep
configure:4741: result: /bin/grep -F
configure:4776: checking for ld used by armv5-linux-gcc
configure:4843: result: armv5-linux-ld
configure:4850: checking if the linker (armv5-linux-ld) is GNU ld
configure:4865: result: yes
configure:4877: checking for BSD- or MS-compatible name lister (nm)
configure:4926: result: no
configure:4940: checking for arm-linux-dumpbin
configure:4970: result: no
configure:4940: checking for arm-linux-link
configure:4970: result: no
configure:4984: checking for dumpbin
configure:5014: result: no
configure:4984: checking for link
configure:5000: found /usr/bin/link
configure:5011: result: link -dump
configure:5027: WARNING: using cross tools not prefixed with host triplet
configure:5056: checking the name lister (nm) interface
configure:5063: armv5-linux-gcc -c -g -O2  conftest.c >&5
configure:5066: nm "conftest.o"
configure:5069: output
00000000 b $d
00000000 B some_variable
configure:5076: result: BSD nm
configure:5079: checking whether ln -s works
configure:5083: result: yes
configure:5091: checking the maximum length of command line arguments
configure:5222: result: 805306365
configure:5239: checking whether the shell understands some XSI constructs
configure:5249: result: yes
configure:5253: checking whether the shell understands "+="
configure:5259: result: yes
configure:5294: checking how to convert i686-pc-linux-gnu file names to arm-unknown-linux-gnu format
configure:5334: result: func_convert_file_noop
configure:5341: checking how to convert i686-pc-linux-gnu file names to toolchain format
configure:5361: result: func_convert_file_noop
configure:5368: checking for armv5-linux-ld option to reload object files
configure:5375: result: -r
configure:5409: checking for arm-linux-objdump
configure:5439: result: no
configure:5449: checking for objdump
configure:5465: found /usr/bin/objdump
configure:5476: result: objdump
configure:5508: checking how to recognize dependent libraries
configure:5706: result: pass_all
configure:5751: checking for arm-linux-dlltool
configure:5781: result: no
configure:5791: checking for dlltool
configure:5821: result: no
configure:5851: checking how to associate runtime and link libraries
configure:5878: result: printf %s\n
configure:5894: checking for arm-linux-ar
configure:5921: result: armv5-linux-ar
configure:6002: checking for archiver @FILE support
configure:6019: armv5-linux-gcc -c -g -O2  conftest.c >&5
configure:6019: $? = 0
configure:6022: armv5-linux-ar cru libconftest.a @conftest.lst >&5
configure:6025: $? = 0
configure:6030: armv5-linux-ar cru libconftest.a @conftest.lst >&5
armv5-linux-ar: conftest.o: No such file or directory
configure:6033: $? = 1
configure:6045: result: @
configure:6063: checking for arm-linux-strip
configure:6090: result: armv5-linux-strip
configure:6162: checking for arm-linux-ranlib
configure:6192: result: no
configure:6202: checking for ranlib
configure:6218: found /usr/bin/ranlib
configure:6229: result: ranlib
configure:6331: checking command to parse nm output from armv5-linux-gcc object
configure:6451: armv5-linux-gcc -c -g -O2  conftest.c >&5
configure:6454: $? = 0
configure:6458: nm conftest.o \| sed -n -e 's/^.*[ ]\([ABCDGIRSTW][ABCDGIRSTW]*\)[ ][ ]*\([_A-Za-z][_A-Za-z0-9]*\)$/\1 \2 \2/p' | sed '/ __gnu_lto/d' \> conftest.nm
configure:6461: $? = 0
configure:6527: armv5-linux-gcc -o conftest -g -O2   conftest.c conftstm.o >&5
configure:6530: $? = 0
configure:6568: result: ok
configure:6605: checking for sysroot
configure:6635: result: no
configure:6864: checking for arm-linux-mt
configure:6894: result: no
configure:6904: checking for mt
configure:6920: found /bin/mt
configure:6931: result: mt
configure:6954: checking if mt is a manifest tool
configure:6960: mt '-?'
configure:6968: result: no
configure:7610: checking how to run the C preprocessor
configure:7641: armv5-linux-gcc -E  conftest.c
configure:7641: $? = 0
configure:7655: armv5-linux-gcc -E  conftest.c
conftest.c:11:28: fatal error: ac_nonexistent.h: No such file or directory
compilation terminated.
configure:7655: $? = 1
configure: failed program was:
| /* confdefs.h */
| #define PACKAGE_NAME "iptables"
| #define PACKAGE_TARNAME "iptables"
| #define PACKAGE_VERSION "1.4.21"
| #define PACKAGE_STRING "iptables 1.4.21"
| #define PACKAGE_BUGREPORT ""
| #define PACKAGE_URL ""
| #define PACKAGE "iptables"
| #define VERSION "1.4.21"
| /* end confdefs.h.  */
| #include <ac_nonexistent.h>
configure:7680: result: armv5-linux-gcc -E
configure:7700: armv5-linux-gcc -E  conftest.c
configure:7700: $? = 0
configure:7714: armv5-linux-gcc -E  conftest.c
conftest.c:11:28: fatal error: ac_nonexistent.h: No such file or directory
compilation terminated.
configure:7714: $? = 1
configure: failed program was:
| /* confdefs.h */
| #define PACKAGE_NAME "iptables"
| #define PACKAGE_TARNAME "iptables"
| #define PACKAGE_VERSION "1.4.21"
| #define PACKAGE_STRING "iptables 1.4.21"
| #define PACKAGE_BUGREPORT ""
| #define PACKAGE_URL ""
| #define PACKAGE "iptables"
| #define VERSION "1.4.21"
| /* end confdefs.h.  */
| #include <ac_nonexistent.h>
configure:7743: checking for ANSI C header files
configure:7763: armv5-linux-gcc -c -g -O2  conftest.c >&5
configure:7763: $? = 0
configure:7847: result: yes
configure:7860: checking for sys/types.h
configure:7860: armv5-linux-gcc -c -g -O2  conftest.c >&5
configure:7860: $? = 0
configure:7860: result: yes
configure:7860: checking for sys/stat.h
configure:7860: armv5-linux-gcc -c -g -O2  conftest.c >&5
configure:7860: $? = 0
configure:7860: result: yes
configure:7860: checking for stdlib.h
configure:7860: armv5-linux-gcc -c -g -O2  conftest.c >&5
configure:7860: $? = 0
configure:7860: result: yes
configure:7860: checking for string.h
configure:7860: armv5-linux-gcc -c -g -O2  conftest.c >&5
configure:7860: $? = 0
configure:7860: result: yes
configure:7860: checking for memory.h
configure:7860: armv5-linux-gcc -c -g -O2  conftest.c >&5
configure:7860: $? = 0
configure:7860: result: yes
configure:7860: checking for strings.h
configure:7860: armv5-linux-gcc -c -g -O2  conftest.c >&5
configure:7860: $? = 0
configure:7860: result: yes
configure:7860: checking for inttypes.h
configure:7860: armv5-linux-gcc -c -g -O2  conftest.c >&5
configure:7860: $? = 0
configure:7860: result: yes
configure:7860: checking for stdint.h
configure:7860: armv5-linux-gcc -c -g -O2  conftest.c >&5
configure:7860: $? = 0
configure:7860: result: yes
configure:7860: checking for unistd.h
configure:7860: armv5-linux-gcc -c -g -O2  conftest.c >&5
configure:7860: $? = 0
configure:7860: result: yes
configure:7874: checking for dlfcn.h
configure:7874: armv5-linux-gcc -c -g -O2  conftest.c >&5
configure:7874: $? = 0
configure:7874: result: yes
configure:8050: checking for objdir
configure:8065: result: .libs
configure:8332: checking if armv5-linux-gcc supports -fno-rtti -fno-exceptions
configure:8350: armv5-linux-gcc -c -g -O2  -fno-rtti -fno-exceptions conftest.c >&5
cc1: warning: command line option '-fno-rtti' is valid for C++/ObjC++ but not for C [enabled by default]
configure:8354: $? = 0
configure:8367: result: no
configure:8694: checking for armv5-linux-gcc option to produce PIC
configure:8701: result: -fPIC -DPIC
configure:8709: checking if armv5-linux-gcc PIC flag -fPIC -DPIC works
configure:8727: armv5-linux-gcc -c -g -O2  -fPIC -DPIC -DPIC conftest.c >&5
configure:8731: $? = 0
configure:8744: result: yes
configure:8773: checking if armv5-linux-gcc static flag -static works
configure:8801: result: yes
configure:8816: checking if armv5-linux-gcc supports -c -o file.o
configure:8837: armv5-linux-gcc -c -g -O2  -o out/conftest2.o conftest.c >&5
configure:8841: $? = 0
configure:8863: result: yes
configure:8871: checking if armv5-linux-gcc supports -c -o file.o
configure:8918: result: yes
configure:8951: checking whether the armv5-linux-gcc linker (armv5-linux-ld) supports shared libraries
configure:10108: result: yes
configure:10145: checking whether -lc should be explicitly linked in
configure:10153: armv5-linux-gcc -c -g -O2  conftest.c >&5
configure:10156: $? = 0
configure:10171: armv5-linux-gcc -shared  -fPIC -DPIC conftest.o  -v -Wl,-soname -Wl,conftest -o conftest 2\>\&1 \| /bin/grep  -lc  \>/dev/null 2\>\&1
configure:10174: $? = 0
configure:10188: result: no
configure:10348: checking dynamic linker characteristics
configure:10848: armv5-linux-gcc -o conftest -g -O2   -Wl,-rpath -Wl,/foo conftest.c  >&5
configure:10848: $? = 0
configure:11082: result: GNU/Linux ld.so
configure:11189: checking how to hardcode library paths into programs
configure:11214: result: immediate
configure:11754: checking whether stripping libraries is possible
configure:11759: result: yes
configure:11794: checking if libtool supports shared libraries
configure:11796: result: yes
configure:11799: checking whether to build shared libraries
configure:11820: result: yes
configure:11823: checking whether to build static libraries
configure:11827: result: no
configure:11951: checking whether the linker accepts -Wl,--no-as-needed
configure:11970: armv5-linux-gcc -o conftest -g -O2  -Wl,--no-as-needed conftest.c  >&5
configure:11970: $? = 0
configure:11981: result: yes
configure:11991: checking whether armv5-linux-ld knows -Wl,--no-undefined
configure:11999: armv5-linux-gcc -o conftest -g -O2  -Wl,--no-undefined conftest.c  >&5
configure:11999: $? = 0
configure:12000: result: yes
configure:12016: checking linux/dccp.h usability
configure:12016: armv5-linux-gcc -c -g -O2  conftest.c >&5
configure:12016: $? = 0
configure:12016: result: yes
configure:12016: checking linux/dccp.h presence
configure:12016: armv5-linux-gcc -E  conftest.c
configure:12016: $? = 0
configure:12016: result: yes
configure:12016: checking for linux/dccp.h
configure:12016: result: yes
configure:12016: checking linux/ip_vs.h usability
configure:12016: armv5-linux-gcc -c -g -O2  conftest.c >&5
configure:12016: $? = 0
configure:12016: result: yes
configure:12016: checking linux/ip_vs.h presence
configure:12016: armv5-linux-gcc -E  conftest.c
configure:12016: $? = 0
configure:12016: result: yes
configure:12016: checking for linux/ip_vs.h
configure:12016: result: yes
configure:12016: checking linux/magic.h usability
configure:12016: armv5-linux-gcc -c -g -O2  conftest.c >&5
configure:12016: $? = 0
configure:12016: result: yes
configure:12016: checking linux/magic.h presence
configure:12016: armv5-linux-gcc -E  conftest.c
configure:12016: $? = 0
configure:12016: result: yes
configure:12016: checking for linux/magic.h
configure:12016: result: yes
configure:12016: checking linux/proc_fs.h usability
configure:12016: armv5-linux-gcc -c -g -O2  conftest.c >&5
conftest.c:59:27: fatal error: linux/proc_fs.h: No such file or directory
compilation terminated.
configure:12016: $? = 1
configure: failed program was:
| /* confdefs.h */
| #define PACKAGE_NAME "iptables"
| #define PACKAGE_TARNAME "iptables"
| #define PACKAGE_VERSION "1.4.21"
| #define PACKAGE_STRING "iptables 1.4.21"
| #define PACKAGE_BUGREPORT ""
| #define PACKAGE_URL ""
| #define PACKAGE "iptables"
| #define VERSION "1.4.21"
| #define STDC_HEADERS 1
| #define HAVE_SYS_TYPES_H 1
| #define HAVE_SYS_STAT_H 1
| #define HAVE_STDLIB_H 1
| #define HAVE_STRING_H 1
| #define HAVE_MEMORY_H 1
| #define HAVE_STRINGS_H 1
| #define HAVE_INTTYPES_H 1
| #define HAVE_STDINT_H 1
| #define HAVE_UNISTD_H 1
| #define HAVE_DLFCN_H 1
| #define LT_OBJDIR ".libs/"
| #define HAVE_LINUX_DCCP_H 1
| #define HAVE_LINUX_IP_VS_H 1
| #define HAVE_LINUX_MAGIC_H 1
| /* end confdefs.h.  */
| #include <stdio.h>
| #ifdef HAVE_SYS_TYPES_H
| # include <sys/types.h>
| #endif
| #ifdef HAVE_SYS_STAT_H
| # include <sys/stat.h>
| #endif
| #ifdef STDC_HEADERS
| # include <stdlib.h>
| # include <stddef.h>
| #else
| # ifdef HAVE_STDLIB_H
| #  include <stdlib.h>
| # endif
| #endif
| #ifdef HAVE_STRING_H
| # if !defined STDC_HEADERS && defined HAVE_MEMORY_H
| #  include <memory.h>
| # endif
| # include <string.h>
| #endif
| #ifdef HAVE_STRINGS_H
| # include <strings.h>
| #endif
| #ifdef HAVE_INTTYPES_H
| # include <inttypes.h>
| #endif
| #ifdef HAVE_STDINT_H
| # include <stdint.h>
| #endif
| #ifdef HAVE_UNISTD_H
| # include <unistd.h>
| #endif
| #include <linux/proc_fs.h>
configure:12016: result: no
configure:12016: checking linux/proc_fs.h presence
configure:12016: armv5-linux-gcc -E  conftest.c
conftest.c:26:27: fatal error: linux/proc_fs.h: No such file or directory
compilation terminated.
configure:12016: $? = 1
configure: failed program was:
| /* confdefs.h */
| #define PACKAGE_NAME "iptables"
| #define PACKAGE_TARNAME "iptables"
| #define PACKAGE_VERSION "1.4.21"
| #define PACKAGE_STRING "iptables 1.4.21"
| #define PACKAGE_BUGREPORT ""
| #define PACKAGE_URL ""
| #define PACKAGE "iptables"
| #define VERSION "1.4.21"
| #define STDC_HEADERS 1
| #define HAVE_SYS_TYPES_H 1
| #define HAVE_SYS_STAT_H 1
| #define HAVE_STDLIB_H 1
| #define HAVE_STRING_H 1
| #define HAVE_MEMORY_H 1
| #define HAVE_STRINGS_H 1
| #define HAVE_INTTYPES_H 1
| #define HAVE_STDINT_H 1
| #define HAVE_UNISTD_H 1
| #define HAVE_DLFCN_H 1
| #define LT_OBJDIR ".libs/"
| #define HAVE_LINUX_DCCP_H 1
| #define HAVE_LINUX_IP_VS_H 1
| #define HAVE_LINUX_MAGIC_H 1
| /* end confdefs.h.  */
| #include <linux/proc_fs.h>
configure:12016: result: no
configure:12016: checking for linux/proc_fs.h
configure:12016: result: no

## ---------------- ##
## Cache variables. ##
## ---------------- ##

ac_cv_build=i686-pc-linux-gnu
ac_cv_c_compiler_gnu=yes
ac_cv_env_CC_set=set
ac_cv_env_CC_value=armv5-linux-gcc
ac_cv_env_CFLAGS_set=
ac_cv_env_CFLAGS_value=
ac_cv_env_CPPFLAGS_set=
ac_cv_env_CPPFLAGS_value=
ac_cv_env_CPP_set=
ac_cv_env_CPP_value=
ac_cv_env_LDFLAGS_set=
ac_cv_env_LDFLAGS_value=
ac_cv_env_LIBS_set=
ac_cv_env_LIBS_value=
ac_cv_env_build_alias_set=
ac_cv_env_build_alias_value=
ac_cv_env_host_alias_set=set
ac_cv_env_host_alias_value=arm-linux
ac_cv_env_target_alias_set=
ac_cv_env_target_alias_value=
ac_cv_header_dlfcn_h=yes
ac_cv_header_inttypes_h=yes
ac_cv_header_linux_dccp_h=yes
ac_cv_header_linux_ip_vs_h=yes
ac_cv_header_linux_magic_h=yes
ac_cv_header_linux_proc_fs_h=no
ac_cv_header_memory_h=yes
ac_cv_header_stdc=yes
ac_cv_header_stdint_h=yes
ac_cv_header_stdlib_h=yes
ac_cv_header_string_h=yes
ac_cv_header_strings_h=yes
ac_cv_header_sys_stat_h=yes
ac_cv_header_sys_types_h=yes
ac_cv_header_unistd_h=yes
ac_cv_host=arm-unknown-linux-gnu
ac_cv_objext=o
ac_cv_path_EGREP='/bin/grep -E'
ac_cv_path_FGREP='/bin/grep -F'
ac_cv_path_GREP=/bin/grep
ac_cv_path_SED=/bin/sed
ac_cv_path_install='/usr/bin/install -c'
ac_cv_path_mkdir=/bin/mkdir
ac_cv_prog_AR=armv5-linux-ar
ac_cv_prog_AWK=gawk
ac_cv_prog_CC=armv5-linux-gcc
ac_cv_prog_CPP='armv5-linux-gcc -E'
ac_cv_prog_STRIP=armv5-linux-strip
ac_cv_prog_ac_ct_DUMPBIN='link -dump'
ac_cv_prog_ac_ct_MANIFEST_TOOL=mt
ac_cv_prog_ac_ct_OBJDUMP=objdump
ac_cv_prog_ac_ct_RANLIB=ranlib
ac_cv_prog_cc_c89=
ac_cv_prog_cc_g=yes
ac_cv_prog_make_make_set=yes
am_cv_CC_dependencies_compiler_type=gcc3
am_cv_ar_interface=ar
am_cv_make_support_nested_variables=yes
am_cv_prog_cc_c_o=yes
ax_cv_linker_flags__Wl___no_as_needed=yes
lt_cv_ar_at_file=@
lt_cv_archive_cmds_need_lc=no
lt_cv_deplibs_check_method=pass_all
lt_cv_file_magic_cmd='$MAGIC_CMD'
lt_cv_file_magic_test_file=
lt_cv_ld_reload_flag=-r
lt_cv_nm_interface='BSD nm'
lt_cv_objdir=.libs
lt_cv_path_LD=armv5-linux-ld
lt_cv_path_NM=no
lt_cv_path_mainfest_tool=no
lt_cv_prog_compiler_c_o=yes
lt_cv_prog_compiler_pic='-fPIC -DPIC'
lt_cv_prog_compiler_pic_works=yes
lt_cv_prog_compiler_rtti_exceptions=no
lt_cv_prog_compiler_static_works=yes
lt_cv_prog_gnu_ld=yes
lt_cv_sharedlib_from_linklib_cmd='printf %s\n'
lt_cv_shlibpath_overrides_runpath=no
lt_cv_sys_global_symbol_pipe='sed -n -e '\''s/^.*[	 ]\([ABCDGIRSTW][ABCDGIRSTW]*\)[	 ][	 ]*\([_A-Za-z][_A-Za-z0-9]*\)$/\1 \2 \2/p'\'' | sed '\''/ __gnu_lto/d'\'''
lt_cv_sys_global_symbol_to_c_name_address='sed -n -e '\''s/^: \([^ ]*\)[ ]*$/  {\"\1\", (void *) 0},/p'\'' -e '\''s/^[ABCDGIRSTW]* \([^ ]*\) \([^ ]*\)$/  {"\2", (void *) \&\2},/p'\'''
lt_cv_sys_global_symbol_to_c_name_address_lib_prefix='sed -n -e '\''s/^: \([^ ]*\)[ ]*$/  {\"\1\", (void *) 0},/p'\'' -e '\''s/^[ABCDGIRSTW]* \([^ ]*\) \(lib[^ ]*\)$/  {"\2", (void *) \&\2},/p'\'' -e '\''s/^[ABCDGIRSTW]* \([^ ]*\) \([^ ]*\)$/  {"lib\2", (void *) \&\2},/p'\'''
lt_cv_sys_global_symbol_to_cdecl='sed -n -e '\''s/^T .* \(.*\)$/extern int \1();/p'\'' -e '\''s/^[ABCDGIRSTW]* .* \(.*\)$/extern char \1;/p'\'''
lt_cv_sys_max_cmd_len=805306365
lt_cv_to_host_file_cmd=func_convert_file_noop
lt_cv_to_tool_file_cmd=func_convert_file_noop

## ----------------- ##
## Output variables. ##
## ----------------- ##

ACLOCAL='aclocal-1.14'
AMDEPBACKSLASH='\'
AMDEP_FALSE='#'
AMDEP_TRUE=''
AMTAR='$${TAR-tar}'
AM_BACKSLASH='\'
AM_DEFAULT_V='$(AM_DEFAULT_VERBOSITY)'
AM_DEFAULT_VERBOSITY='1'
AM_V='$(V)'
AR='armv5-linux-ar'
AUTOCONF='autoconf'
AUTOHEADER='autoheader'
AUTOMAKE='automake-1.14'
AWK='gawk'
CC='armv5-linux-gcc'
CCDEPMODE='depmode=gcc3'
CFLAGS='-g -O2'
CPP='armv5-linux-gcc -E'
CPPFLAGS=''
CYGPATH_W='echo'
DEFS=''
DEPDIR='.deps'
DLLTOOL='false'
DSYMUTIL=''
DUMPBIN=':'
ECHO_C=''
ECHO_N='-n'
ECHO_T=''
EGREP='/bin/grep -E'
ENABLE_BPFC_FALSE=''
ENABLE_BPFC_TRUE=''
ENABLE_DEVEL_FALSE=''
ENABLE_DEVEL_TRUE=''
ENABLE_IPV4_FALSE=''
ENABLE_IPV4_TRUE=''
ENABLE_IPV6_FALSE=''
ENABLE_IPV6_TRUE=''
ENABLE_LARGEFILE_FALSE=''
ENABLE_LARGEFILE_TRUE=''
ENABLE_LIBIPQ_FALSE=''
ENABLE_LIBIPQ_TRUE=''
ENABLE_SHARED_FALSE=''
ENABLE_SHARED_TRUE=''
ENABLE_STATIC_FALSE=''
ENABLE_STATIC_TRUE=''
ENABLE_SYNCONF_FALSE=''
ENABLE_SYNCONF_TRUE=''
EXEEXT=''
FGREP='/bin/grep -F'
GREP='/bin/grep'
HAVE_LIBNETFILTER_CONNTRACK_FALSE=''
HAVE_LIBNETFILTER_CONNTRACK_TRUE=''
HAVE_LIBNFNETLINK_FALSE=''
HAVE_LIBNFNETLINK_TRUE=''
INSTALL_DATA='${INSTALL} -m 644'
INSTALL_PROGRAM='${INSTALL}'
INSTALL_SCRIPT='${INSTALL}'
INSTALL_STRIP_PROGRAM='$(install_sh) -c -s'
LD='armv5-linux-ld'
LDFLAGS=''
LIBOBJS=''
LIBS=''
LIBTOOL='$(SHELL) $(top_builddir)/libtool'
LIPO=''
LN_S='ln -s'
LTLIBOBJS=''
MAKEINFO='makeinfo'
MANIFEST_TOOL=':'
MKDIR_P='/bin/mkdir -p'
NM='nm'
NMEDIT=''
OBJDUMP='objdump'
OBJEXT='o'
OTOOL64=''
OTOOL=''
PACKAGE='iptables'
PACKAGE_BUGREPORT=''
PACKAGE_NAME='iptables'
PACKAGE_STRING='iptables 1.4.21'
PACKAGE_TARNAME='iptables'
PACKAGE_URL=''
PACKAGE_VERSION='1.4.21'
PATH_SEPARATOR=':'
RANLIB='ranlib'
SED='/bin/sed'
SET_MAKE=''
SHELL='/bin/bash'
STRIP='armv5-linux-strip'
VERSION='1.4.21'
ac_ct_AR=''
ac_ct_CC=''
ac_ct_DUMPBIN='link -dump'
am__EXEEXT_FALSE=''
am__EXEEXT_TRUE=''
am__fastdepCC_FALSE='#'
am__fastdepCC_TRUE=''
am__include='include'
am__isrc=''
am__leading_dot='.'
am__nodep='_no'
am__quote=''
am__tar='$${TAR-tar} chof - "$$tardir"'
am__untar='$${TAR-tar} xf -'
bindir='${exec_prefix}/bin'
blacklist_modules=''
build='i686-pc-linux-gnu'
build_alias=''
build_cpu='i686'
build_os='linux-gnu'
build_vendor='pc'
datadir='${datarootdir}'
datarootdir='${prefix}/share'
docdir='${datarootdir}/doc/${PACKAGE_TARNAME}'
dvidir='${docdir}'
exec_prefix='NONE'
host='arm-unknown-linux-gnu'
host_alias='arm-linux'
host_cpu='arm'
host_os='linux-gnu'
host_vendor='unknown'
htmldir='${docdir}'
includedir='${prefix}/include'
infodir='${datarootdir}/info'
install_sh='${SHELL} /home/xtra/Work/ftm-50s2/iptables/iptables-1.4.21/build-aux/install-sh'
kbuilddir=''
kinclude_CPPFLAGS=''
ksourcedir=''
libdir='${exec_prefix}/lib'
libexecdir='${exec_prefix}/libexec'
libiptc_LDFLAGS2='-Wl,--no-as-needed'
libxtables_vage='0'
libxtables_vcurrent='10'
libxtables_vmajor=''
localedir='${datarootdir}/locale'
localstatedir='${prefix}/var'
mandir='${datarootdir}/man'
mkdir_p='$(MKDIR_P)'
noundef_LDFLAGS='-Wl,--no-undefined'
oldincludedir='/usr/include'
pdfdir='${docdir}'
pkgconfigdir='${libdir}/pkgconfig'
pkgdatadir=''
prefix='/usr'
program_transform_name='s,x,x,'
psdir='${docdir}'
regular_CFLAGS=''
regular_CPPFLAGS=''
sbindir='${exec_prefix}/sbin'
sharedstatedir='${prefix}/com'
sysconfdir='${prefix}/etc'
target_alias=''
xtlibdir='${exec_prefix}/lib/xtables'

## ----------- ##
## confdefs.h. ##
## ----------- ##

/* confdefs.h */
#define PACKAGE_NAME "iptables"
#define PACKAGE_TARNAME "iptables"
#define PACKAGE_VERSION "1.4.21"
#define PACKAGE_STRING "iptables 1.4.21"
#define PACKAGE_BUGREPORT ""
#define PACKAGE_URL ""
#define PACKAGE "iptables"
#define VERSION "1.4.21"
#define STDC_HEADERS 1
#define HAVE_SYS_TYPES_H 1
#define HAVE_SYS_STAT_H 1
#define HAVE_STDLIB_H 1
#define HAVE_STRING_H 1
#define HAVE_MEMORY_H 1
#define HAVE_STRINGS_H 1
#define HAVE_INTTYPES_H 1
#define HAVE_STDINT_H 1
#define HAVE_UNISTD_H 1
#define HAVE_DLFCN_H 1
#define LT_OBJDIR ".libs/"
#define HAVE_LINUX_DCCP_H 1
#define HAVE_LINUX_IP_VS_H 1
#define HAVE_LINUX_MAGIC_H 1

configure: exit 2
