This file contains any messages produced by compilers while
running configure, to aid debugging if configure makes a mistake.

It was created by GNU MP configure 6.0.0, which was
generated by GNU Autoconf 2.69.  Invocation command line was

  $ ./configure --host=arm-linux --prefix=/usr CC=armv5-linux-gcc AR=armv5-linux-ar

## --------- ##
## Platform. ##
## --------- ##

hostname = ubuntu
uname -m = i686
uname -r = 3.8.0-29-generic
uname -s = Linux
uname -v = #42~precise1-Ubuntu SMP Wed Aug 14 15:31:16 UTC 2013

/usr/bin/uname -p = unknown
/bin/uname -X     = unknown

/bin/arch              = unknown
/usr/bin/arch -k       = unknown
/usr/convex/getsysinfo = unknown
/usr/bin/hostinfo      = unknown
/bin/machine           = unknown
/usr/bin/oslevel       = unknown
/bin/universe          = unknown

PATH: /usr/local/sbin
PATH: /usr/local/bin
PATH: /usr/sbin
PATH: /usr/bin
PATH: /sbin
PATH: /bin
PATH: /usr/games
PATH: /opt/Cortina/toolchain/toolchain-arm_gcc-4.5.1+l_uClibc-0.9.32_eabi/bin
PATH: /opt/Cortina/toolchain/toolchain-arm_gcc-4.5.1+l_glibc-2.6.1_eabi/bin
PATH: /opt/STM/STLinux-2.4/devkit/armv5/bin/


## ----------- ##
## Core tests. ##
## ----------- ##

configure:3040: checking build system type
configure:3054: result: i686-pc-linux-gnu
configure:3074: checking host system type
configure:3087: result: arm-unknown-linux-gnu
configure:3124: checking for a BSD-compatible install
configure:3192: result: /usr/bin/install -c
configure:3203: checking whether build environment is sane

## ---------------- ##
## Cache variables. ##
## ---------------- ##

ac_cv_build=i686-pc-linux-gnu
ac_cv_env_ABI_set=
ac_cv_env_ABI_value=
ac_cv_env_CCC_set=
ac_cv_env_CCC_value=
ac_cv_env_CC_FOR_BUILD_set=
ac_cv_env_CC_FOR_BUILD_value=
ac_cv_env_CC_set=set
ac_cv_env_CC_value=armv5-linux-gcc
ac_cv_env_CFLAGS_set=
ac_cv_env_CFLAGS_value=
ac_cv_env_CPPFLAGS_set=
ac_cv_env_CPPFLAGS_value=
ac_cv_env_CPP_FOR_BUILD_set=
ac_cv_env_CPP_FOR_BUILD_value=
ac_cv_env_CPP_set=
ac_cv_env_CPP_value=
ac_cv_env_CXXCPP_set=
ac_cv_env_CXXCPP_value=
ac_cv_env_CXXFLAGS_set=
ac_cv_env_CXXFLAGS_value=
ac_cv_env_CXX_set=
ac_cv_env_CXX_value=
ac_cv_env_LDFLAGS_set=
ac_cv_env_LDFLAGS_value=
ac_cv_env_LIBS_set=
ac_cv_env_LIBS_value=
ac_cv_env_M4_set=
ac_cv_env_M4_value=
ac_cv_env_YACC_set=
ac_cv_env_YACC_value=
ac_cv_env_YFLAGS_set=
ac_cv_env_YFLAGS_value=
ac_cv_env_build_alias_set=
ac_cv_env_build_alias_value=
ac_cv_env_host_alias_set=set
ac_cv_env_host_alias_value=arm-linux
ac_cv_env_target_alias_set=
ac_cv_env_target_alias_value=
ac_cv_host=arm-unknown-linux-gnu
ac_cv_path_install='/usr/bin/install -c'

## ----------------- ##
## Output variables. ##
## ----------------- ##

ABI=''
ACLOCAL=''
AMTAR=''
AR='armv5-linux-ar'
AS='armv5-linux-as'
ASMFLAGS=''
AUTOCONF=''
AUTOHEADER=''
AUTOMAKE=''
AWK=''
CALLING_CONVENTIONS_OBJS=''
CC='armv5-linux-gcc'
CCAS=''
CC_FOR_BUILD=''
CFLAGS=''
CPP=''
CPPFLAGS=''
CPP_FOR_BUILD=''
CXX=''
CXXCPP=''
CXXFLAGS=''
CYGPATH_W=''
DEFN_LONG_LONG_LIMB=''
DEFS=''
DLLTOOL=''
DSYMUTIL=''
DUMPBIN=''
ECHO_C=''
ECHO_N='-n'
ECHO_T=''
EGREP=''
ENABLE_STATIC_FALSE=''
ENABLE_STATIC_TRUE=''
EXEEXT=''
EXEEXT_FOR_BUILD=''
FGREP=''
GMP_LDFLAGS=''
GMP_LIMB_BITS=''
GMP_NAIL_BITS=''
GREP=''
HAVE_CLOCK_01=''
HAVE_CPUTIME_01=''
HAVE_GETRUSAGE_01=''
HAVE_GETTIMEOFDAY_01=''
HAVE_HOST_CPU_FAMILY_power=''
HAVE_HOST_CPU_FAMILY_powerpc=''
HAVE_SIGACTION_01=''
HAVE_SIGALTSTACK_01=''
HAVE_SIGSTACK_01=''
HAVE_STACK_T_01=''
HAVE_SYS_RESOURCE_H_01=''
INSTALL_DATA='${INSTALL} -m 644'
INSTALL_PROGRAM='${INSTALL}'
INSTALL_SCRIPT='${INSTALL}'
INSTALL_STRIP_PROGRAM=''
LD='armv5-linux-ld'
LDFLAGS=''
LEX=''
LEXLIB=''
LEX_OUTPUT_ROOT=''
LIBCURSES=''
LIBGMPXX_LDFLAGS=''
LIBGMP_DLL=''
LIBGMP_LDFLAGS=''
LIBM=''
LIBM_FOR_BUILD=''
LIBOBJS=''
LIBREADLINE=''
LIBS=''
LIBTOOL=''
LIPO=''
LN_S=''
LTLIBOBJS=''
M4=''
MAINT=''
MAINTAINER_MODE_FALSE=''
MAINTAINER_MODE_TRUE=''
MAKEINFO=''
MANIFEST_TOOL=''
MKDIR_P=''
NM=''
NMEDIT=''
OBJDUMP=''
OBJEXT=''
OTOOL64=''
OTOOL=''
PACKAGE=''
PACKAGE_BUGREPORT='gmp-bugs@gmplib.org, see https://gmplib.org/manual/Reporting-Bugs.html'
PACKAGE_NAME='GNU MP'
PACKAGE_STRING='GNU MP 6.0.0'
PACKAGE_TARNAME='gmp'
PACKAGE_URL='http://www.gnu.org/software/gmp/'
PACKAGE_VERSION='6.0.0'
PATH_SEPARATOR=':'
RANLIB=''
SED=''
SET_MAKE=''
SHELL='/bin/sh'
SPEED_CYCLECOUNTER_OBJ=''
STRIP='armv5-linux-strip'
TAL_OBJECT=''
TUNE_LIBS=''
TUNE_SQR_OBJ=''
U_FOR_BUILD=''
VERSION=''
WANT_CXX_FALSE=''
WANT_CXX_TRUE=''
WITH_READLINE_01=''
YACC=''
YFLAGS=''
ac_ct_AR=''
ac_ct_CC=''
ac_ct_CXX=''
ac_ct_DUMPBIN=''
am__EXEEXT_FALSE=''
am__EXEEXT_TRUE=''
am__isrc=''
am__leading_dot=''
am__tar=''
am__untar=''
bindir='${exec_prefix}/bin'
build='i686-pc-linux-gnu'
build_alias=''
build_cpu='i686'
build_os='linux-gnu'
build_vendor='pc'
datadir='${datarootdir}'
datarootdir='${prefix}/share'
docdir='${datarootdir}/doc/${PACKAGE_TARNAME}'
dvidir='${docdir}'
exec_prefix='NONE'
gmp_srclinks=''
host='arm-unknown-linux-gnu'
host_alias='arm-linux'
host_cpu='arm'
host_os='linux-gnu'
host_vendor='unknown'
htmldir='${docdir}'
includedir='${prefix}/include'
infodir='${datarootdir}/info'
install_sh=''
libdir='${exec_prefix}/lib'
libexecdir='${exec_prefix}/libexec'
localedir='${datarootdir}/locale'
localstatedir='${prefix}/var'
mandir='${datarootdir}/man'
mkdir_p=''
mpn_objects=''
mpn_objs_in_libgmp=''
oldincludedir='/usr/include'
pdfdir='${docdir}'
prefix='/usr'
program_transform_name='s,x,x,'
psdir='${docdir}'
sbindir='${exec_prefix}/sbin'
sharedstatedir='${prefix}/com'
sysconfdir='${prefix}/etc'
target_alias=''

## ----------- ##
## confdefs.h. ##
## ----------- ##

/* confdefs.h */
#define PACKAGE_NAME "GNU MP"
#define PACKAGE_TARNAME "gmp"
#define PACKAGE_VERSION "6.0.0"
#define PACKAGE_STRING "GNU MP 6.0.0"
#define PACKAGE_BUGREPORT "gmp-bugs@gmplib.org, see https://gmplib.org/manual/Reporting-Bugs.html"
#define PACKAGE_URL "http://www.gnu.org/software/gmp/"

configure: caught signal 2
configure: exit 1
