--------------------
./configure TARGETMACH=arm-linux CROSS=armv5-linux- CC=armv5-linux-gcc LD=armv5-linux-ld AS= --prefix=/home/xtra/work/ftm-50s2/zlib/_install
Wed Sep 30 14:40:47 KST 2015
unknown option: TARGETMACH=arm-linux
./configure --help for help
** ./configure aborting.
--------------------


--------------------
./configure --help
Wed Sep 30 14:41:05 KST 2015
usage:
  configure [--const] [--zprefix] [--prefix=PREFIX]  [--eprefix=EXPREFIX]
    [--static] [--64] [--libdir=LIBDIR] [--sharedlibdir=LIBDIR]
    [--includedir=INCLUDEDIR] [--archs="-arch i386 -arch x86_64"]
--------------------
./configure TARGETMACH=arm-linux CROSS=armv5-linux- CC=armv5-linux-gcc LD=armv5-linux-ld AS= --prefix=/home/xtra/work/ftm-50s2/zlib/_install
Wed Sep 30 14:41:29 KST 2015
unknown option: TARGETMACH=arm-linux
./configure --help for help
** ./configure aborting.
--------------------


--------------------
./configure TARGETMACH=arm-linux CROSS=armv5-linux- CC=armv5-linux-gcc LD=armv5-linux-ld AS= --prefix=/home/xtra/work/ftm-50s2/zlib/_install
Wed Sep 30 14:42:08 KST 2015
unknown option: TARGETMACH=arm-linux
./configure --help for help
** ./configure aborting.
--------------------


--------------------
./configure CROSS=armv5-linux- CC=armv5-linux-gcc LD=armv5-linux-ld AS= --prefix=/home/xtra/work/ftm-50s2/zlib/_install
Wed Sep 30 14:42:20 KST 2015
unknown option: CROSS=armv5-linux-
./configure --help for help
** ./configure aborting.
--------------------


--------------------
./configure --prefix=/home/xtra/work/ftm-50s2/zlib/_install
Wed Sep 30 14:42:31 KST 2015
=== ztest9730.c ===
extern int getchar();
int hello() {return getchar();}
===
armv5-linux-gcc -c ztest9730.c
... using gcc

Checking for obsessive-compulsive compiler options...
=== ztest9730.c ===
int foo() { return 0; }
===
armv5-linux-gcc -c -O3 ztest9730.c

Checking for shared library support...
=== ztest9730.c ===
extern int getchar();
int hello() {return getchar();}
===
armv5-linux-gcc -w -c -O3 -fPIC ztest9730.c
armv5-linux-gcc -shared -Wl,-soname,libz.so.1,--version-script,zlib.map -O3 -fPIC -o ztest9730.so ztest9730.o
Building shared library libz.so.1.2.8 with armv5-linux-gcc.

=== ztest9730.c ===
#include <sys/types.h>
off64_t dummy = 0;
===
armv5-linux-gcc -c -O3 -D_LARGEFILE64_SOURCE=1 ztest9730.c
Checking for off64_t... Yes.
Checking for fseeko... Yes.

=== ztest9730.c ===
#include <string.h>
#include <errno.h>
int main() { return strlen(strerror(errno)); }
===
armv5-linux-gcc -O3 -D_LARGEFILE64_SOURCE=1 -o ztest9730 ztest9730.c
Checking for strerror... Yes.

=== ztest9730.c ===
#include <unistd.h>
int main() { return 0; }
===
armv5-linux-gcc -c -O3 -D_LARGEFILE64_SOURCE=1 ztest9730.c
Checking for unistd.h... Yes.

=== ztest9730.c ===
#include <stdarg.h>
int main() { return 0; }
===
armv5-linux-gcc -c -O3 -D_LARGEFILE64_SOURCE=1 ztest9730.c
Checking for stdarg.h... Yes.

=== ztest9730.c ===
#include <stdio.h>
#include <stdarg.h>
#include "zconf.h"
int main()
{
#ifndef STDC
  choke me
#endif
  return 0;
}
===
armv5-linux-gcc -c -O3 -D_LARGEFILE64_SOURCE=1 ztest9730.c
Checking whether to use vs[n]printf() or s[n]printf()... using vs[n]printf().

=== ztest9730.c ===
#include <stdio.h>
#include <stdarg.h>
int mytest(const char *fmt, ...)
{
  char buf[20];
  va_list ap;
  va_start(ap, fmt);
  vsnprintf(buf, sizeof(buf), fmt, ap);
  va_end(ap);
  return 0;
}
int main()
{
  return (mytest("Hello%d\n", 1));
}
===
armv5-linux-gcc -O3 -D_LARGEFILE64_SOURCE=1 -o ztest9730 ztest9730.c
Checking for vsnprintf() in stdio.h... Yes.

=== ztest9730.c ===
#include <stdio.h>
#include <stdarg.h>
int mytest(const char *fmt, ...)
{
  int n;
  char buf[20];
  va_list ap;
  va_start(ap, fmt);
  n = vsnprintf(buf, sizeof(buf), fmt, ap);
  va_end(ap);
  return n;
}
int main()
{
  return (mytest("Hello%d\n", 1));
}
===
armv5-linux-gcc -c -O3 -D_LARGEFILE64_SOURCE=1 ztest9730.c
Checking for return value of vsnprintf()... Yes.

=== ztest9730.c ===
#define ZLIB_INTERNAL __attribute__((visibility ("hidden")))
int ZLIB_INTERNAL foo;
int main()
{
  return 0;
}
===
armv5-linux-gcc -c -O3 -D_LARGEFILE64_SOURCE=1 ztest9730.c
Checking for attribute(visibility) support... Yes.

ALL = static shared all64
AR = ar
ARFLAGS = rc
CC = armv5-linux-gcc
CFLAGS = -O3 -D_LARGEFILE64_SOURCE=1 -DHAVE_HIDDEN
CPP = armv5-linux-gcc -E
EXE =
LDCONFIG = ldconfig
LDFLAGS =
LDSHARED = armv5-linux-gcc -shared -Wl,-soname,libz.so.1,--version-script,zlib.map
LDSHAREDLIBC = -lc
OBJC = $(OBJZ) $(OBJG)
PIC_OBJC = $(PIC_OBJZ) $(PIC_OBJG)
RANLIB = ranlib
SFLAGS = -O3 -fPIC -D_LARGEFILE64_SOURCE=1 -DHAVE_HIDDEN
SHAREDLIB = libz.so
SHAREDLIBM = libz.so.1
SHAREDLIBV = libz.so.1.2.8
STATICLIB = libz.a
TEST = all teststatic testshared test64
VER = 1.2.8
Z_U4 =
exec_prefix = ${prefix}
includedir = ${prefix}/include
libdir = ${exec_prefix}/lib
mandir = ${prefix}/share/man
prefix = /home/xtra/work/ftm-50s2/zlib/_install
sharedlibdir = ${libdir}
uname = Linux
--------------------


